<?xml version="1.0" encoding="UTF-8"?>
<!-- Generated by org.testng.reporters.JUnitReportReporter -->
<testsuite hostname="DESKTOP-A8EITHO" failures="0" tests="4" name="api.test.UserTests2" time="8.414" errors="0" timestamp="2024-03-21T20:17:20 IST" skipped="0">
  <testcase classname="api.test.UserTests2" name="testPostUser" time="3.491"/>
  <testcase classname="api.test.UserTests2" name="testGetUser" time="1.664"/>
  <testcase classname="api.test.UserTests2" name="testUpdateUser" time="1.628"/>
  <testcase classname="api.test.UserTests2" name="testDeleteUser" time="1.631"/>
</testsuite> <!-- api.test.UserTests2 -->
