<?xml version="1.0" encoding="UTF-8"?>
<!-- Generated by org.testng.reporters.JUnitReportReporter -->
<testsuite hostname="DESKTOP-A8EITHO" failures="0" tests="4" name="api.test.UserTests" time="7.546" errors="0" timestamp="2024-03-21T19:55:25 IST" skipped="0">
  <testcase classname="api.test.UserTests" name="testPostUser" time="3.317"/>
  <testcase classname="api.test.UserTests" name="testGetUser" time="1.357"/>
  <testcase classname="api.test.UserTests" name="testUpdateUser" time="1.326"/>
  <testcase classname="api.test.UserTests" name="testDeleteUser" time="1.546"/>
</testsuite> <!-- api.test.UserTests -->
