<?xml version="1.0" encoding="UTF-8"?>
<!-- Generated by org.testng.reporters.JUnitReportReporter -->
<testsuite hostname="DESKTOP-A8EITHO" failures="0" tests="4" name="api.test.UserTests" time="11.566" errors="0" timestamp="2024-03-22T12:15:12 IST" skipped="0">
  <testcase classname="api.test.UserTests" name="testPostUser" time="2.506"/>
  <testcase classname="api.test.UserTests" name="testGetUser" time="2.407"/>
  <testcase classname="api.test.UserTests" name="testUpdateUser" time="3.313"/>
  <testcase classname="api.test.UserTests" name="testDeleteUser" time="3.340"/>
</testsuite> <!-- api.test.UserTests -->
