<?xml version="1.0" encoding="UTF-8"?>
<!-- Generated by org.testng.reporters.JUnitReportReporter -->
<testsuite hostname="DESKTOP-A8EITHO" failures="0" tests="20" name="api.test.DataDrivenTests" time="50.404" errors="0" timestamp="2024-03-22T12:15:12 IST" skipped="0">
  <testcase classname="api.test.DataDrivenTests" name="testPostUser" time="2.567"/>
  <testcase classname="api.test.DataDrivenTests" name="testPostUser" time="4.015"/>
  <testcase classname="api.test.DataDrivenTests" name="testPostUser" time="2.703"/>
  <testcase classname="api.test.DataDrivenTests" name="testPostUser" time="2.144"/>
  <testcase classname="api.test.DataDrivenTests" name="testPostUser" time="1.764"/>
  <testcase classname="api.test.DataDrivenTests" name="testPostUser" time="2.864"/>
  <testcase classname="api.test.DataDrivenTests" name="testPostUser" time="6.338"/>
  <testcase classname="api.test.DataDrivenTests" name="testPostUser" time="2.147"/>
  <testcase classname="api.test.DataDrivenTests" name="testPostUser" time="1.843"/>
  <testcase classname="api.test.DataDrivenTests" name="testPostUser" time="2.046"/>
  <testcase classname="api.test.DataDrivenTests" name="testDeleteUser" time="2.247"/>
  <testcase classname="api.test.DataDrivenTests" name="testDeleteUser" time="1.945"/>
  <testcase classname="api.test.DataDrivenTests" name="testDeleteUser" time="2.967"/>
  <testcase classname="api.test.DataDrivenTests" name="testDeleteUser" time="1.847"/>
  <testcase classname="api.test.DataDrivenTests" name="testDeleteUser" time="2.762"/>
  <testcase classname="api.test.DataDrivenTests" name="testDeleteUser" time="1.844"/>
  <testcase classname="api.test.DataDrivenTests" name="testDeleteUser" time="2.507"/>
  <testcase classname="api.test.DataDrivenTests" name="testDeleteUser" time="1.962"/>
  <testcase classname="api.test.DataDrivenTests" name="testDeleteUser" time="1.840"/>
  <testcase classname="api.test.DataDrivenTests" name="testDeleteUser" time="2.052"/>
</testsuite> <!-- api.test.DataDrivenTests -->
